<?xml version="1.0" encoding="UTF-8"?>
<testng-results ignored="0" total="1" passed="1" failed="0" skipped="0">
  <reporter-output>
  </reporter-output>
  <suite started-at="2023-08-08T03:05:11 BDT" name="Default suite" finished-at="2023-08-08T03:05:41 BDT" duration-ms="30272">
    <groups>
    </groups>
    <test started-at="2023-08-08T03:05:11 BDT" name="Default test" finished-at="2023-08-08T03:05:41 BDT" duration-ms="30272">
      <class name="com.bd.Aug23.TMSPage">
        <test-method is-config="true" signature="start()[pri:0, instance:com.bd.Aug23.TMSPage@5656be13]" started-at="2023-08-08T03:05:04 BDT" name="start" finished-at="2023-08-08T03:05:11 BDT" duration-ms="7096" status="PASS">
          <reporter-output>
          </reporter-output>
        </test-method> <!-- start -->
        <test-method signature="login()[pri:0, instance:com.bd.Aug23.TMSPage@5656be13]" started-at="2023-08-08T03:05:11 BDT" name="login" finished-at="2023-08-08T03:05:41 BDT" duration-ms="30207" status="PASS">
          <reporter-output>
          </reporter-output>
        </test-method> <!-- login -->
        <test-method is-config="true" signature="end()[pri:0, instance:com.bd.Aug23.TMSPage@5656be13]" started-at="2023-08-08T03:05:41 BDT" name="end" finished-at="2023-08-08T03:05:42 BDT" duration-ms="497" status="PASS">
          <reporter-output>
          </reporter-output>
        </test-method> <!-- end -->
      </class> <!-- com.bd.Aug23.TMSPage -->
    </test> <!-- Default test -->
  </suite> <!-- Default suite -->
</testng-results>
